This file contains any messages produced by compilers while
running configure, to aid debugging if configure makes a mistake.

It was created by SUSY Phenomenology framework configure 0.1, which was
generated by GNU Autoconf 2.69.  Invocation command line was

  $ ./configure --disable-whizard --disable-higgsbounds --disable-higgssignals

## --------- ##
## Platform. ##
## --------- ##

hostname = fisica
uname -m = x86_64
uname -r = 3.16-2-amd64
uname -s = Linux
uname -v = #1 SMP Debian 3.16.3-2 (2014-09-20)

/usr/bin/uname -p = unknown
/bin/uname -X     = unknown

/bin/arch              = unknown
/usr/bin/arch -k       = unknown
/usr/convex/getsysinfo = unknown
/usr/bin/hostinfo      = unknown
/bin/machine           = unknown
/usr/bin/oslevel       = unknown
/bin/universe          = unknown

PATH: /home/restrepo/.cabal/bin
PATH: /opt/intel/composerxe-2011.4.191/bin/intel64
PATH: /home/restrepo/.cabal/bin
PATH: /opt/intel/composerxe-2011.4.191/bin/intel64
PATH: /opt/intel/composerxe-2011.4.191/bin/intel64
PATH: /opt/intel/composerxe-2011.4.191/bin/intel64
PATH: /usr/local/sbin
PATH: /usr/local/bin
PATH: /usr/sbin
PATH: /usr/bin
PATH: /sbin
PATH: /bin
PATH: /opt/intel/composerxe-2011.4.191/mpirt/bin/intel64
PATH: /opt/intel/composerxe-2011.4.191/mpirt/bin/intel64
PATH: /opt/intel/composerxe-2011.4.191/mpirt/bin/intel64
PATH: /opt/intel/composerxe-2011.4.191/mpirt/bin/intel64


## ----------- ##
## Core tests. ##
## ----------- ##

configure:1924: ============================================================================
configure:1926: Looking for auxilliary programs
configure:1928: ============================================================================
configure:1933: checking for grep that handles long lines and -e
configure:1991: result: /bin/grep
configure:1996: checking for a sed that does not truncate output
configure:2060: result: /bin/sed
configure:2083: ============================================================================
configure:2085: Checking whether we can download package sources on-the-fly
configure:2087: ============================================================================
configure:2094: checking for wget
configure:2112: found /usr/bin/wget
configure:2124: result: /usr/bin/wget
configure:2134: checking for curl
configure:2152: found /usr/bin/curl
configure:2164: result: /usr/bin/curl
configure:2174: checking for md5sum
configure:2192: found /usr/bin/md5sum
configure:2204: result: /usr/bin/md5sum
configure:2216: ============================================================================
configure:2218: Checking for compilers
configure:2220: ============================================================================
configure:2274: checking for gcc
configure:2290: found /usr/bin/gcc
configure:2301: result: gcc
configure:2530: checking for C compiler version
configure:2539: gcc --version >&5
gcc (Debian 4.9.2-10) 4.9.2
Copyright (C) 2014 Free Software Foundation, Inc.
This is free software; see the source for copying conditions.  There is NO
warranty; not even for MERCHANTABILITY or FITNESS FOR A PARTICULAR PURPOSE.

configure:2550: $? = 0
configure:2539: gcc -v >&5
Using built-in specs.
COLLECT_GCC=gcc
COLLECT_LTO_WRAPPER=/usr/lib/gcc/x86_64-linux-gnu/4.9/lto-wrapper
Target: x86_64-linux-gnu
Configured with: ../src/configure -v --with-pkgversion='Debian 4.9.2-10' --with-bugurl=file:///usr/share/doc/gcc-4.9/README.Bugs --enable-languages=c,c++,java,go,d,fortran,objc,obj-c++ --prefix=/usr --program-suffix=-4.9 --enable-shared --enable-linker-build-id --libexecdir=/usr/lib --without-included-gettext --enable-threads=posix --with-gxx-include-dir=/usr/include/c++/4.9 --libdir=/usr/lib --enable-nls --with-sysroot=/ --enable-clocale=gnu --enable-libstdcxx-debug --enable-libstdcxx-time=yes --enable-gnu-unique-object --disable-vtable-verify --enable-plugin --with-system-zlib --disable-browser-plugin --enable-java-awt=gtk --enable-gtk-cairo --with-java-home=/usr/lib/jvm/java-1.5.0-gcj-4.9-amd64/jre --enable-java-home --with-jvm-root-dir=/usr/lib/jvm/java-1.5.0-gcj-4.9-amd64 --with-jvm-jar-dir=/usr/lib/jvm-exports/java-1.5.0-gcj-4.9-amd64 --with-arch-directory=amd64 --with-ecj-jar=/usr/share/java/eclipse-ecj.jar --enable-objc-gc --enable-multiarch --with-arch-32=i586 --with-abi=m64 --with-multilib-list=m32,m64,mx32 --enable-multilib --with-tune=generic --enable-checking=release --build=x86_64-linux-gnu --host=x86_64-linux-gnu --target=x86_64-linux-gnu
Thread model: posix
gcc version 4.9.2 (Debian 4.9.2-10) 
configure:2550: $? = 0
configure:2539: gcc -V >&5
gcc: error: unrecognized command line option '-V'
gcc: fatal error: no input files
compilation terminated.
configure:2550: $? = 4
configure:2539: gcc -qversion >&5
gcc: error: unrecognized command line option '-qversion'
gcc: fatal error: no input files
compilation terminated.
configure:2550: $? = 4
configure:2570: checking whether the C compiler works
configure:2592: gcc    conftest.c  >&5
configure:2596: $? = 0
configure:2644: result: yes
configure:2647: checking for C compiler default output file name
configure:2649: result: a.out
configure:2655: checking for suffix of executables
configure:2662: gcc -o conftest    conftest.c  >&5
configure:2666: $? = 0
configure:2688: result: 
configure:2710: checking whether we are cross compiling
configure:2718: gcc -o conftest    conftest.c  >&5
configure:2722: $? = 0
configure:2729: ./conftest
configure:2733: $? = 0
configure:2748: result: no
configure:2753: checking for suffix of object files
configure:2775: gcc -c   conftest.c >&5
configure:2779: $? = 0
configure:2800: result: o
configure:2804: checking whether we are using the GNU C compiler
configure:2823: gcc -c   conftest.c >&5
configure:2823: $? = 0
configure:2832: result: yes
configure:2841: checking whether gcc accepts -g
configure:2861: gcc -c -g  conftest.c >&5
configure:2861: $? = 0
configure:2902: result: yes
configure:2919: checking for gcc option to accept ISO C89
configure:2982: gcc  -c -g -O2  conftest.c >&5
configure:2982: $? = 0
configure:2995: result: none needed
configure:3072: checking for gfortran
configure:3088: found /usr/bin/gfortran
configure:3099: result: gfortran
configure:3125: checking for Fortran compiler version
configure:3134: gfortran --version >&5
GNU Fortran (Debian 4.9.2-10) 4.9.2
Copyright (C) 2014 Free Software Foundation, Inc.

GNU Fortran comes with NO WARRANTY, to the extent permitted by law.
You may redistribute copies of GNU Fortran
under the terms of the GNU General Public License.
For more information about these matters, see the file named COPYING

configure:3145: $? = 0
configure:3134: gfortran -v >&5
Using built-in specs.
COLLECT_GCC=gfortran
COLLECT_LTO_WRAPPER=/usr/lib/gcc/x86_64-linux-gnu/4.9/lto-wrapper
Target: x86_64-linux-gnu
Configured with: ../src/configure -v --with-pkgversion='Debian 4.9.2-10' --with-bugurl=file:///usr/share/doc/gcc-4.9/README.Bugs --enable-languages=c,c++,java,go,d,fortran,objc,obj-c++ --prefix=/usr --program-suffix=-4.9 --enable-shared --enable-linker-build-id --libexecdir=/usr/lib --without-included-gettext --enable-threads=posix --with-gxx-include-dir=/usr/include/c++/4.9 --libdir=/usr/lib --enable-nls --with-sysroot=/ --enable-clocale=gnu --enable-libstdcxx-debug --enable-libstdcxx-time=yes --enable-gnu-unique-object --disable-vtable-verify --enable-plugin --with-system-zlib --disable-browser-plugin --enable-java-awt=gtk --enable-gtk-cairo --with-java-home=/usr/lib/jvm/java-1.5.0-gcj-4.9-amd64/jre --enable-java-home --with-jvm-root-dir=/usr/lib/jvm/java-1.5.0-gcj-4.9-amd64 --with-jvm-jar-dir=/usr/lib/jvm-exports/java-1.5.0-gcj-4.9-amd64 --with-arch-directory=amd64 --with-ecj-jar=/usr/share/java/eclipse-ecj.jar --enable-objc-gc --enable-multiarch --with-arch-32=i586 --with-abi=m64 --with-multilib-list=m32,m64,mx32 --enable-multilib --with-tune=generic --enable-checking=release --build=x86_64-linux-gnu --host=x86_64-linux-gnu --target=x86_64-linux-gnu
Thread model: posix
gcc version 4.9.2 (Debian 4.9.2-10) 
configure:3145: $? = 0
configure:3134: gfortran -V >&5
gfortran: error: unrecognized command line option '-V'
gfortran: fatal error: no input files
compilation terminated.
configure:3145: $? = 4
configure:3134: gfortran -qversion >&5
gfortran: error: unrecognized command line option '-qversion'
gfortran: fatal error: no input files
compilation terminated.
configure:3145: $? = 4
configure:3154: checking whether we are using the GNU Fortran compiler
configure:3167: gfortran -c   conftest.F >&5
configure:3167: $? = 0
configure:3176: result: yes
configure:3182: checking whether gfortran accepts -g
configure:3193: gfortran -c -g  conftest.f >&5
configure:3193: $? = 0
configure:3201: result: yes
configure:3232: checking whether the FORTRAN compiler can produce executables
configure:3252: gfortran -o conftest -g -O2   conftest.f  >&5
configure:3252: $? = 0
configure:3252: ./conftest
configure:3252: $? = 0
configure:3262: result: yes
configure:3272: checking the compiler ID string
configure:3317: result: GNU Fortran (Debian 4.9.2-10) 4.9.2
configure:3322: checking the compiler vendor
configure:3350: result: gfortran
configure:3357: checking the compiler version
configure:3387: result: 4.9.2
configure:3392: checking the major version
configure:3400: result: 4
configure:3410: checking for ocamlopt
configure:3428: found /usr/bin/ocamlopt
configure:3440: result: /usr/bin/ocamlopt
configure:3452: ============================================================================
configure:3454: Checking for Mathematica
configure:3456: ============================================================================
configure:3468: checking for math
configure:3486: found /usr/local/bin/math
configure:3498: result: /usr/local/bin/math
configure:3523: checking for Mathematica version
configure:3535: result: 9.0 for Linux x86 (64-bit) (November 20, 2012)
configure:3544: ============================================================================
configure:3546: Configuring SARAH
configure:3548: ============================================================================
configure:3564: downloading /home/restrepo/prog/toolbox/toolbox/tarballs/SARAH-4.5.1.tar.gz...
configure:3621: checking  /home/restrepo/prog/toolbox/toolbox/tarballs/SARAH-4.5.1.tar.gz
configure:3625: result: checksum OK
configure:3655: Untarring /home/restrepo/prog/toolbox/toolbox/tarballs/SARAH-4.5.1.tar.gz...
configure:3671: Symlinking /home/restrepo/prog/toolbox/toolbox/SARAH-4.5.1 to /home/restrepo/prog/toolbox/toolbox/SARAH...
configure:3680: ============================================================================
configure:3682: Configuring SARAH scan and plot (SSP)
configure:3684: ============================================================================
configure:3701: downloading /home/restrepo/prog/toolbox/toolbox/tarballs/SSP-1.2.2.tar.gz...
configure:3758: checking  /home/restrepo/prog/toolbox/toolbox/tarballs/SSP-1.2.2.tar.gz
configure:3762: result: checksum OK
configure:3792: Untarring /home/restrepo/prog/toolbox/toolbox/tarballs/SSP-1.2.2.tar.gz...
configure:3808: Symlinking /home/restrepo/prog/toolbox/toolbox/SSP-1.2.2 to /home/restrepo/prog/toolbox/toolbox/SSP...
configure:3820: ============================================================================
configure:3822: Configuring SPHENO
configure:3824: ============================================================================
configure:3854: downloading /home/restrepo/prog/toolbox/toolbox/tarballs/SPheno-3.3.6.tar.gz...
configure:3911: checking  /home/restrepo/prog/toolbox/toolbox/tarballs/SPheno-3.3.6.tar.gz
configure:3915: result: checksum OK
configure:3945: Untarring /home/restrepo/prog/toolbox/toolbox/tarballs/SPheno-3.3.6.tar.gz...
configure:3961: Symlinking /home/restrepo/prog/toolbox/toolbox/SPheno-3.3.6 to /home/restrepo/prog/toolbox/toolbox/SPHENO...
configure:3966: Configuring SPHENO...
configure:3980: ============================================================================
configure:3982: Configuring CalcHEP
configure:3984: ============================================================================
configure:3997: downloading /home/restrepo/prog/toolbox/toolbox/tarballs/calchep_3.6.23.tgz...
configure:4054: checking  /home/restrepo/prog/toolbox/toolbox/tarballs/calchep_3.6.23.tgz
configure:4058: result: checksum OK
configure:4088: Untarring /home/restrepo/prog/toolbox/toolbox/tarballs/calchep_3.6.23.tgz...
configure:4104: Symlinking /home/restrepo/prog/toolbox/toolbox/calchep_3.6.23 to /home/restrepo/prog/toolbox/toolbox/calchep...
configure:4119: ============================================================================
configure:4121: Configuring MicrOMEGAs
configure:4123: ============================================================================
configure:4136: downloading /home/restrepo/prog/toolbox/toolbox/tarballs/micromegas_4.1.7.tgz...
configure:4193: checking  /home/restrepo/prog/toolbox/toolbox/tarballs/micromegas_4.1.7.tgz
configure:4197: result: checksum OK
configure:4227: Untarring /home/restrepo/prog/toolbox/toolbox/tarballs/micromegas_4.1.7.tgz...
configure:4243: Symlinking /home/restrepo/prog/toolbox/toolbox/micromegas_4.1.7 to /home/restrepo/prog/toolbox/toolbox/micromegas...
configure:4258: ============================================================================
configure:4260: Configuring WHIZARD
configure:4262: ============================================================================
configure:4463: WHIZARD disabled, skipping section...
configure:4470: ============================================================================
configure:4472: Configuring HiggsBounds
configure:4474: ============================================================================
configure:4645: HiggsBounds disabled, skipping section...
configure:4653: ============================================================================
configure:4655: Configuring HiggsSignals
configure:4657: ============================================================================
configure:4828: HiggsSignals disabled, skipping section...
configure:4836: ============================================================================
configure:4838: Configuring MadGraph
configure:4840: ============================================================================
configure:4852: downloading /home/restrepo/prog/toolbox/toolbox/tarballs/MG5_aMC_v2.2.3.tar.gz...
configure:4909: checking  /home/restrepo/prog/toolbox/toolbox/tarballs/MG5_aMC_v2.2.3.tar.gz
configure:4913: result: checksum OK
configure:4943: Untarring /home/restrepo/prog/toolbox/toolbox/tarballs/MG5_aMC_v2.2.3.tar.gz...
configure:4959: Symlinking /home/restrepo/prog/toolbox/toolbox/MG5_aMC_v2_2_3 to /home/restrepo/prog/toolbox/toolbox/madgraph...
configure:4974: ============================================================================
configure:4976: Finalizing...
configure:4978: ============================================================================
configure:5137: creating ./config.status

## ---------------------- ##
## Running config.status. ##
## ---------------------- ##

This file was extended by SUSY Phenomenology framework config.status 0.1, which was
generated by GNU Autoconf 2.69.  Invocation command line was

  CONFIG_FILES    = 
  CONFIG_HEADERS  = 
  CONFIG_LINKS    = 
  CONFIG_COMMANDS = 
  $ ./config.status 

on fisica

config.status:748: creating Makefile
config.status:748: creating butler

## ---------------- ##
## Cache variables. ##
## ---------------- ##

ac_cv_c_compiler_gnu=yes
ac_cv_env_CC_set=
ac_cv_env_CC_value=
ac_cv_env_CFLAGS_set=
ac_cv_env_CFLAGS_value=
ac_cv_env_CPPFLAGS_set=
ac_cv_env_CPPFLAGS_value=
ac_cv_env_FCFLAGS_set=
ac_cv_env_FCFLAGS_value=
ac_cv_env_FC_set=
ac_cv_env_FC_value=
ac_cv_env_LDFLAGS_set=
ac_cv_env_LDFLAGS_value=
ac_cv_env_LIBS_set=
ac_cv_env_LIBS_value=
ac_cv_env_MATH_set=
ac_cv_env_MATH_value=
ac_cv_env_build_alias_set=
ac_cv_env_build_alias_value=
ac_cv_env_host_alias_set=
ac_cv_env_host_alias_value=
ac_cv_env_target_alias_set=
ac_cv_env_target_alias_value=
ac_cv_fc_compiler_gnu=yes
ac_cv_objext=o
ac_cv_path_GREP=/bin/grep
ac_cv_path_MATH=/usr/local/bin/math
ac_cv_path_SED=/bin/sed
ac_cv_path_curl_path=/usr/bin/curl
ac_cv_path_md5sum_path=/usr/bin/md5sum
ac_cv_path_ocamlopt_path=/usr/bin/ocamlopt
ac_cv_path_wget_path=/usr/bin/wget
ac_cv_prog_ac_ct_CC=gcc
ac_cv_prog_ac_ct_FC=gfortran
ac_cv_prog_cc_c89=
ac_cv_prog_cc_g=yes
ac_cv_prog_fc_g=yes
wo_cv_fc_id_string='GNU Fortran (Debian 4.9.2-10) 4.9.2'
wo_cv_fc_major_version=4
wo_cv_fc_vendor=gfortran
wo_cv_fc_version=4.9.2

## ----------------- ##
## Output variables. ##
## ----------------- ##

CC='gcc'
CFLAGS='-g -O2'
CPPFLAGS=''
DEFS='-DPACKAGE_NAME=\"SUSY\ Phenomenology\ framework\" -DPACKAGE_TARNAME=\"susy-phenomenology-framework\" -DPACKAGE_VERSION=\"0.1\" -DPACKAGE_STRING=\"SUSY\ Phenomenology\ framework\ 0.1\" -DPACKAGE_BUGREPORT=\"\" -DPACKAGE_URL=\"\"'
ECHO_C=''
ECHO_N='-n'
ECHO_T=''
EXEEXT=''
FC='gfortran'
FCFLAGS='-g -O2'
FC_ID_STRING='GNU Fortran (Debian 4.9.2-10) 4.9.2'
FC_MAJOR_VERSION='4'
FC_VENDOR='gfortran'
FC_VERSION='4.9.2'
GREP='/bin/grep'
LDFLAGS=''
LIBOBJS=''
LIBS=''
LTLIBOBJS=''
MATH='/usr/local/bin/math'
MATH_NUMVERSION='9000'
MATH_VERSION='9.0 for Linux x86 (64-bit) (November 20, 2012)'
OBJEXT='o'
PACKAGE_BUGREPORT=''
PACKAGE_NAME='SUSY Phenomenology framework'
PACKAGE_STRING='SUSY Phenomenology framework 0.1'
PACKAGE_TARNAME='susy-phenomenology-framework'
PACKAGE_URL=''
PACKAGE_VERSION='0.1'
PATH_SEPARATOR=':'
PKGROOT='/home/restrepo/prog/toolbox/toolbox'
SED='/bin/sed'
SHELL='/bin/bash'
ac_ct_CC='gcc'
ac_ct_FC='gfortran'
bindir='${exec_prefix}/bin'
build_alias=''
curl_path='/usr/bin/curl'
datadir='${datarootdir}'
datarootdir='${prefix}/share'
docdir='${datarootdir}/doc/${PACKAGE_TARNAME}'
dvidir='${docdir}'
enable_calchep='yes'
enable_higgsbounds='no'
enable_higgssignals='no'
enable_madgraph='yes'
enable_micromegas='yes'
enable_spheno='yes'
enable_ssp='yes'
enable_whizard='no'
exec_prefix='${prefix}'
host_alias=''
htmldir='${docdir}'
includedir='${prefix}/include'
infodir='${datarootdir}/info'
libdir='${exec_prefix}/lib'
libexecdir='${exec_prefix}/libexec'
localedir='${datarootdir}/locale'
localstatedir='${prefix}/var'
mandir='${datarootdir}/man'
md5sum_path='/usr/bin/md5sum'
ocamlopt_path='/usr/bin/ocamlopt'
oldincludedir='/usr/include'
pdfdir='${docdir}'
prefix='/usr/local'
program_transform_name='s,x,x,'
psdir='${docdir}'
sbindir='${exec_prefix}/sbin'
sharedstatedir='${prefix}/com'
subdirs=' "/home/restrepo/prog/toolbox/toolbox/SPHENO" "/home/restrepo/prog/toolbox/toolbox/calchep" "/home/restrepo/prog/toolbox/toolbox/micromegas"'
subdirs_clean=' "/home/restrepo/prog/toolbox/toolbox/SPHENO" "/home/restrepo/prog/toolbox/toolbox/calchep" "/home/restrepo/prog/toolbox/toolbox/micromegas"'
subdirs_install=''
sysconfdir='${prefix}/etc'
target_alias=''
wget_path='/usr/bin/wget'

## ----------- ##
## confdefs.h. ##
## ----------- ##

/* confdefs.h */
#define PACKAGE_NAME "SUSY Phenomenology framework"
#define PACKAGE_TARNAME "susy-phenomenology-framework"
#define PACKAGE_VERSION "0.1"
#define PACKAGE_STRING "SUSY Phenomenology framework 0.1"
#define PACKAGE_BUGREPORT ""
#define PACKAGE_URL ""

configure: exit 0
