g77 -O -ffixed-line-length-132 -c testprog.f
g77 -O -ffixed-line-length-132 -c couplings1.f
g77 -O -ffixed-line-length-132 -c couplings2.f
g77 -O -ffixed-line-length-132 -c couplings3.f
g77 -O -ffixed-line-length-132 -c couplings4.f
g77 -O -ffixed-line-length-132 -c couplings5.f
g77 -O -ffixed-line-length-132 -c couplings6.f
g77 -O -ffixed-line-length-132 -c couplings7.f
g77 -O -ffixed-line-length-132 -c couplings.f
g77 -O -ffixed-line-length-132 -c lha_read.f
g77 -O -ffixed-line-length-132 -c printout.f
g77 -O -ffixed-line-length-132 -c rw_para.f
ar cru libmodel.a couplings1.o couplings2.o couplings3.o couplings4.o couplings5.o couplings6.o couplings7.o couplings.o lha_read.o printout.o rw_para.o
ranlib libmodel.a
g77 -O -ffixed-line-length-132 -o testprog testprog.o libmodel.a
 *****************************************************
 *               MadGraph/MadEvent                   *
 *        --------------------------------           *
 *          http://madgraph.hep.uiuc.edu             *
 *          http://madgraph.phys.ucl.ac.be           *
 *          http://madgraph.roma2.infn.it            *
 *        --------------------------------           *
 *                                                   *
 *          PARAMETER AND COUPLING VALUES            *
 *                                                   *
 *****************************************************

  External Params            
  ---------------------------
           cabi=    0.48800
            s12=    0.22100
            s23=    0.04100
            s13=    0.00350
          amass=    0.11720
              R=    0.00200
             LR=   20.00000
          aEWM1=  128.00000
             Gf=    0.00001
             aS=    0.11720
             ZM=   91.18760
             sw=    0.48076
            ymc=    1.42000
            ymb=    4.20000
            ymt=  175.00000
          ymtau=    1.77700
             y1=   -1.00000
             y2=   -2.00000
             y3=    0.33333
             y4=    1.33333
             y5=   -0.66667
 
  Internal Params            
  ---------------------------
            aEW=    0.00781
            sw2=    0.23113
             cw=    0.87685
             ee=    0.31333
             gw=    0.65174
             g1=    0.35733
              G=    1.21358
              v=  245.36949
            lam=    0.11959
            muH=   84.85281
           ytau=    0.01024
             yc=    0.00818
             yt=    1.00863
             yb=    0.02421
            c12=    0.97527
            c23=    0.99916
            c13=    0.99999
          CKM11=    0.97527     0.00000
          CKM12=    0.22100     0.00000
          CKM13=    0.00350     0.00000
          CKM21=   -0.22095     0.00000
          CKM22=    0.97442     0.00000
          CKM23=    0.04100     0.00000
          CKM31=    0.00565     0.00000
          CKM32=   -0.04076     0.00000
          CKM33=    0.99915     0.00000
         YukD11=    0.00000     0.00000
         YukD12=    0.00000     0.00000
         YukD13=    0.00000     0.00000
         YukD21=    0.00000     0.00000
         YukD22=    0.00000     0.00000
         YukD23=    0.00000     0.00000
         YukD31=    0.00000     0.00000
         YukD32=    0.00000     0.00000
         YukD33=    0.02421     0.00000
          gmass=    1.21358
             mn=   18.97070
            mQ2=   97.56816
            mu2=   86.24123
            md2=   84.42449
            mL2=   14.96040
            me2=    5.45021
            mQt=  -14.47470
            mt0=  -28.94940
            cH2= 4683.17011
           MM11=***********
           MM12= 3505.30898
           MM22=***********
          Delta=35858.05382
          Sqrt2=    1.41421
         SqrtPi=    1.77245
           Pgw2=    0.42476
           Psw2=    0.23113
           Pcw2=    0.76887
      CONJCKM23=    0.04100     0.00000
      CONJCKM33=    0.99915     0.00000
      CONJCKM13=    0.00350     0.00000
      CONJCKM21=   -0.22095     0.00000
      CONJCKM31=    0.00565     0.00000
      CONJCKM11=    0.97527     0.00000
      CONJCKM22=    0.97442     0.00000
      CONJCKM32=   -0.04076     0.00000
      CONJCKM12=    0.22100     0.00000
           GGT1=    1.21358
         G1G1T2=    1.48633
 
  Masses                     
  ---------------------------
             MD=    0.00700 GeV
             MU=    0.00300 GeV
             MS=    0.20000 GeV
             MC=    1.42000 GeV
             MB=    4.20000 GeV
             MT=  175.00000 GeV
             MM=    0.10570 GeV
            MTA=    1.77000 GeV
             MZ=   91.18760 GeV
             MW=   79.95805 GeV
             MH=  120.00000 GeV
            DMd=  597.56815 GeV
            DMu=  597.56815 GeV
            DMs=  597.56815 GeV
            DMc=  597.56815 GeV
            DMb=  583.10857 GeV
          DMtop=  583.54252 GeV
            DMe=  514.96040 GeV
           DMn1=  514.96040 GeV
           DMmu=  514.96040 GeV
           DMn2=  514.96040 GeV
          DMtau=  514.96040 GeV
           DMn3=  514.96040 GeV
            MG1=  640.48961 GeV
            MB1=  500.89313 GeV
            MZ1=  535.49228 GeV
            MW1=  535.16912 GeV
            MH1=  490.18687 GeV
            SMd=  584.42449 GeV
            SMu=  586.24122 GeV
            SMs=  584.42449 GeV
            SMc=  586.24122 GeV
            SMb=  584.43960 GeV
          SMtop=  609.34415 GeV
            SMe=  505.45021 GeV
           SMmu=  505.45021 GeV
          SMtau=  505.45021 GeV
 
  Widths                     
  ---------------------------
             WT=    1.59000 GeV
             WZ=    2.49444 GeV
             WW=    2.08895 GeV
             WH=    0.00424 GeV
            DWd=    0.25120 GeV
            DWu=    0.25120 GeV
            DWs=    0.25101 GeV
            DWc=    0.25120 GeV
            DWb=    0.05404 GeV
          DWtop=    0.10096 GeV
            DWe=    0.00146 GeV
           DWn1=    0.00146 GeV
           DWmu=    0.00146 GeV
           DWn2=    0.00146 GeV
          DWtau=    0.00146 GeV
           DWn3=    0.00146 GeV
            WG1=    4.20715 GeV
            WZ1=    0.07568 GeV
            WW1=    0.07345 GeV
            WH1=    0.00424 GeV
            SWd=    0.01981 GeV
            SWu=    0.08218 GeV
            SWs=    0.01975 GeV
            SWc=    0.08218 GeV
            SWb=    0.01976 GeV
            SWe=    0.00062 GeV
           SWmu=    0.00006 GeV
          SWtau=    0.00062 GeV
 
  Couplings of MUED
  ---------------------------------
 
  Real couplings : 
          MGVX9=   -0.31333
          MGVX3=    1.21358
         MGVX18=    0.57148
         MGVX10=    0.65174
         MGVX17=    0.09817
         MGVX33=    0.20421
         MGVX28=    0.17906
          MGVX4=    1.21358
          MGVX6=    1.47278
          MGVX7=    1.48633
         MGVX13=   -0.42476
         MGVX35=    0.37245
         MGVX32=    0.32658
         MGVX38=    0.42476
         MGVX14=   -0.63714
         MGVX37=    0.63714
 
  Complex couplings : 
          MGVX2= -176.06101     0.00000
          MGVX1=   -0.71753     0.00000
         MGVX16=   52.11153     0.00000
         MGVX30=   67.77679     0.00000
         MGVX15=    0.21238     0.00000
         MGVX29=    0.27622     0.00000
 
  Left/Right couplings : 
      MGVX24(L)=   -0.00724     0.00000     MGVX24(R)=   -0.00724     0.00000
      MGVX39(L)=    0.32587     0.00000     MGVX39(R)=    0.00000     0.00000
      MGVX45(L)=   -0.32587     0.00000     MGVX45(R)=    0.00000     0.00000
      MGVX69(L)=    0.31333     0.00000     MGVX69(R)=    0.31333     0.00000
      MGVX72(L)=   -0.17179     0.00000     MGVX72(R)=   -0.17179     0.00000
     MGVX219(L)=    0.31333     0.00000    MGVX219(R)=    0.31333     0.00000
     MGVX222(L)=    0.00000     0.00000    MGVX222(R)=    0.00000     0.00000
     MGVX225(L)=    0.17867     0.00000    MGVX225(R)=    0.00000     0.00000
     MGVX231(L)=    0.31333     0.00000    MGVX231(R)=    0.31333     0.00000
     MGVX234(L)=    0.00000     0.00000    MGVX234(R)=    0.00000     0.00000
     MGVX243(L)=   -0.46085     0.00000    MGVX243(R)=    0.00000     0.00000
     MGVX246(L)=   -0.46085     0.00000    MGVX246(R)=   -0.46085     0.00000
     MGVX267(L)=    0.19984     0.00000    MGVX267(R)=   -0.17179     0.00000
     MGVX270(L)=   -0.37163     0.00000    MGVX270(R)=    0.00000     0.00000
     MGVX273(L)=    0.19984     0.00000    MGVX273(R)=    0.19984     0.00000
     MGVX276(L)=   -0.37163     0.00000    MGVX276(R)=   -0.37163     0.00000
     MGVX303(L)=    0.00000     0.00000    MGVX303(R)=    0.35733     0.00000
      MGVX75(L)=    0.10444     0.00000     MGVX75(R)=    0.10444     0.00000
      MGVX78(L)=   -0.20889     0.00000     MGVX78(R)=   -0.20889     0.00000
      MGVX90(L)=   -0.20889     0.00000     MGVX90(R)=   -0.20889     0.00000
      MGVX87(L)=    0.10444     0.00000     MGVX87(R)=    0.10444     0.00000
      MGVX60(L)=    0.10444     0.00000     MGVX60(R)=    0.10444     0.00000
      MGVX51(L)=   -0.20889     0.00000     MGVX51(R)=   -0.20889     0.00000
      MGVX81(L)=   -0.05956     0.00000     MGVX81(R)=    0.00000     0.00000
     MGVX291(L)=    0.00000     0.00000    MGVX291(R)=    0.11911     0.00000
     MGVX282(L)=    0.00000     0.00000    MGVX282(R)=   -0.23822     0.00000
      MGVX23(L)=   -0.01712     0.00000     MGVX23(R)=   -0.01712     0.00000
      MGVX25(L)=   -0.00579     0.00000     MGVX25(R)=   -0.00579     0.00000
      MGVX26(L)=   -0.71321     0.00000     MGVX26(R)=   -0.71321     0.00000
     MGVX123(L)=   -0.01889     0.00000    MGVX123(R)=    0.00000     0.00000
     MGVX124(L)=    0.10183     0.00000    MGVX124(R)=    0.00000     0.00000
     MGVX125(L)=   -0.44906     0.00000    MGVX125(R)=    0.00000     0.00000
     MGVX132(L)=   -0.01889     0.00000    MGVX132(R)=   -0.01889     0.00000
     MGVX133(L)=    0.10183     0.00000    MGVX133(R)=    0.10183     0.00000
     MGVX134(L)=   -0.44906     0.00000    MGVX134(R)=   -0.44906     0.00000
     MGVX126(L)=   -0.46046     0.00000    MGVX126(R)=    0.00000     0.00000
     MGVX127(L)=   -0.00260     0.00000    MGVX127(R)=    0.00000     0.00000
     MGVX128(L)=    0.01878     0.00000    MGVX128(R)=    0.00000     0.00000
     MGVX135(L)=   -0.46046     0.00000    MGVX135(R)=   -0.46046     0.00000
     MGVX136(L)=   -0.00260     0.00000    MGVX136(R)=   -0.00260     0.00000
     MGVX137(L)=    0.01878     0.00000    MGVX137(R)=    0.01878     0.00000
     MGVX129(L)=   -0.00161     0.00000    MGVX129(R)=    0.00000     0.00000
     MGVX130(L)=   -0.44945     0.00000    MGVX130(R)=    0.00000     0.00000
     MGVX131(L)=   -0.10185     0.00000    MGVX131(R)=    0.00000     0.00000
     MGVX138(L)=   -0.00161     0.00000    MGVX138(R)=   -0.00161     0.00000
     MGVX139(L)=   -0.44945     0.00000    MGVX139(R)=   -0.44945     0.00000
     MGVX140(L)=   -0.10185     0.00000    MGVX140(R)=   -0.10185     0.00000
     MGVX159(L)=   -0.01889     0.00000    MGVX159(R)=    0.00000     0.00000
     MGVX160(L)=   -0.46046     0.00000    MGVX160(R)=    0.00000     0.00000
     MGVX161(L)=   -0.00161     0.00000    MGVX161(R)=    0.00000     0.00000
     MGVX162(L)=    0.10183     0.00000    MGVX162(R)=    0.00000     0.00000
     MGVX163(L)=   -0.00260     0.00000    MGVX163(R)=    0.00000     0.00000
     MGVX164(L)=   -0.44945     0.00000    MGVX164(R)=    0.00000     0.00000
     MGVX174(L)=   -0.44906     0.00000    MGVX174(R)=    0.00000     0.00000
     MGVX175(L)=    0.01878     0.00000    MGVX175(R)=    0.00000     0.00000
     MGVX176(L)=   -0.10185     0.00000    MGVX176(R)=    0.00000     0.00000
     MGVX186(L)=   -0.01889     0.00000    MGVX186(R)=   -0.01889     0.00000
     MGVX187(L)=   -0.46046     0.00000    MGVX187(R)=   -0.46046     0.00000
     MGVX188(L)=   -0.00161     0.00000    MGVX188(R)=   -0.00161     0.00000
     MGVX189(L)=    0.10183     0.00000    MGVX189(R)=    0.10183     0.00000
     MGVX190(L)=   -0.00260     0.00000    MGVX190(R)=   -0.00260     0.00000
     MGVX191(L)=   -0.44945     0.00000    MGVX191(R)=   -0.44945     0.00000
     MGVX192(L)=   -0.44906     0.00000    MGVX192(R)=   -0.44906     0.00000
     MGVX193(L)=    0.01878     0.00000    MGVX193(R)=    0.01878     0.00000
     MGVX194(L)=   -0.10185     0.00000    MGVX194(R)=   -0.10185     0.00000
     MGVX195(L)=    0.31437     0.00000    MGVX195(R)=   -0.05726     0.00000
     MGVX198(L)=   -0.25711     0.00000    MGVX198(R)=    0.11453     0.00000
     MGVX204(L)=   -0.25711     0.00000    MGVX204(R)=   -0.25711     0.00000
     MGVX201(L)=    0.31437     0.00000    MGVX201(R)=    0.31437     0.00000
      MGVX66(L)=   -0.05726     0.00000     MGVX66(R)=   -0.05726     0.00000
      MGVX57(L)=    0.11453     0.00000     MGVX57(R)=    0.11453     0.00000
          GG(L)=   -1.21358     0.00000         GG(R)=   -1.21358     0.00000
     MGVX111(L)=   -1.21358     0.00000    MGVX111(R)=    0.00000     0.00000
     MGVX297(L)=    0.00000     0.00000    MGVX297(R)=   -1.21358     0.00000
  
  
