 Parameter cabi                 has been read with value 4.8800000000000E-01 
 Parameter s12                  has been read with value 2.2100000000000E-01 
 Parameter s23                  has been read with value 4.1000000000000E-02 
 Parameter s13                  has been read with value 3.5000000000000E-03 
 Parameter amass                has been read with value 1.1720000000000E-01 
 Parameter r                    has been read with value 2.0000000000000E-03 
 Parameter lr                   has been read with value 2.0000000000000E+01 
 Parameter aewm1                has been read with value 1.2800000000000E+02 
 Parameter gf                   has been read with value 1.1663900000000E-05 
 Parameter as                   has been read with value 1.1720000000000E-01 
 Parameter zm                   has been read with value 9.1187600000000E+01 
 Parameter sw                   has been read with value 4.8076000000000E-01 
 Parameter ymc                  has been read with value 1.4200000000000E+00 
 Parameter ymb                  has been read with value 4.2000000000000E+00 
 Parameter ymt                  has been read with value 1.7500000000000E+02 
 Parameter ymtau                has been read with value 1.7770000000000E+00 
 Parameter y1                   has been read with value -1.000000000000E+00 
 Parameter y2                   has been read with value -2.000000000000E+00 
 Parameter y3                   has been read with value 3.3333333333333E-01 
 Parameter y4                   has been read with value 1.3333333333333E+00 
 Parameter y5                   has been read with value -6.666666666666E-01 
 Parameter md                   has been read with value 7.0000000000000E-03 
 Parameter mu                   has been read with value 3.0000000000000E-03 
 Parameter ms                   has been read with value 2.0000000000000E-01 
 Parameter mc                   has been read with value 1.4200000000000E+00 
 Parameter mb                   has been read with value 4.2000000000000E+00 
 Parameter mt                   has been read with value 1.7500000000000E+02 
 Parameter mm                   has been read with value 1.0570000000000E-01 
 Parameter mta                  has been read with value 1.7700000000000E+00 
 Parameter mz                   has been read with value 9.1187600000000E+01 
 Parameter mw                   has been read with value 7.9958049843868E+01 
 Parameter mh                   has been read with value 1.2000000000000E+02 
 Parameter dmd                  has been read with value 5.9756815445715E+02 
 Parameter dmu                  has been read with value 5.9756815445715E+02 
 Parameter dms                  has been read with value 5.9756815445715E+02 
 Parameter dmc                  has been read with value 5.9756815445715E+02 
 Parameter dmb                  has been read with value 5.8310856594597E+02 
 Parameter dmtop                has been read with value 5.8354251788890E+02 
 Parameter dme                  has been read with value 5.1496040281065E+02 
 Parameter dmn1                 has been read with value 5.1496040281065E+02 
 Parameter dmmu                 has been read with value 5.1496040281065E+02 
 Parameter dmn2                 has been read with value 5.1496040281065E+02 
 Parameter dmtau                has been read with value 5.1496040281065E+02 
 Parameter dmn3                 has been read with value 5.1496040281065E+02 
 Parameter mg1                  has been read with value 6.4048961059968E+02 
 Parameter mb1                  has been read with value 5.0089313460833E+02 
 Parameter mz1                  has been read with value 5.3549228303882E+02 
 Parameter mw1                  has been read with value 5.3516911776052E+02 
 Parameter mh1                  has been read with value 4.9018687238037E+02 
 Parameter smd                  has been read with value 5.8442448676912E+02 
 Parameter smu                  has been read with value 5.8624122189175E+02 
 Parameter sms                  has been read with value 5.8442448676912E+02 
 Parameter smc                  has been read with value 5.8624122189175E+02 
 Parameter smb                  has been read with value 5.8443959554909E+02 
 Parameter smtop                has been read with value 6.0934414774544E+02 
 Parameter sme                  has been read with value 5.0545020536788E+02 
 Parameter smmu                 has been read with value 5.0545020536788E+02 
 Parameter smtau                has been read with value 5.0545020536788E+02 
 Parameter wt                   has been read with value 1.5900000000000E+00 
 Parameter wz                   has been read with value 2.4944400000000E+00 
 Parameter ww                   has been read with value 2.0889500000000E+00 
 Parameter wh                   has been read with value 4.2440000000000E-03 
 Parameter dwd                  has been read with value 2.5120000000000E-01 
 Parameter dwu                  has been read with value 2.5120000000000E-01 
 Parameter dws                  has been read with value 2.5101000000000E-01 
 Parameter dwc                  has been read with value 2.5120000000000E-01 
 Parameter dwb                  has been read with value 5.4041000000000E-02 
 Parameter dwtop                has been read with value 1.0096000000000E-01 
 Parameter dwe                  has been read with value 1.4630000000000E-03 
 Parameter dwn1                 has been read with value 1.4630000000000E-03 
 Parameter dwmu                 has been read with value 1.4630000000000E-03 
 Parameter dwn2                 has been read with value 1.4630000000000E-03 
 Parameter dwtau                has been read with value 1.4630000000000E-03 
 Parameter dwn3                 has been read with value 1.4630000000000E-03 
 Parameter wg1                  has been read with value 4.2071530000000E+00 
 Parameter wz1                  has been read with value 7.5678600000000E-02 
 Parameter ww1                  has been read with value 7.3454850000000E-02 
 Parameter wh1                  has been read with value 4.2440000000000E-03 
 Parameter swd                  has been read with value 1.9815000000000E-02 
 Parameter swu                  has been read with value 8.2179000000000E-02 
 Parameter sws                  has been read with value 1.9754000000000E-02 
 Parameter swc                  has been read with value 8.2179000000000E-02 
 Parameter swb                  has been read with value 1.9761000000000E-02 
 Parameter swe                  has been read with value 6.2291000000000E-04 
 Parameter swmu                 has been read with value 6.2291000000000E-05 
 Parameter swtau                has been read with value 6.2291000000000E-04 
